[2019-09-12 16:19:35][DEBUG][ERROR] : [Class 'EasySwoole\Mysqli\Mysqli' not found at file:/var/www/code/App/HttpController/Index.php line:14]
[2019-09-12 16:42:38][DEBUG][ERROR] : [Class 'EasySwoole\Mysqli\Mysqli' not found at file:/var/www/code/App/HttpController/Index.php line:14]
[2019-09-12 16:52:15][DEBUG][ERROR] : [Uncaught Swoole\Exception: failed to listen server port[0.0.0.0:9501], Error: Address already in use[98] in /var/www/code/vendor/easyswoole/easyswoole/src/ServerManager.php:57
Stack trace:
#0 /var/www/code/vendor/easyswoole/easyswoole/src/ServerManager.php(57): Swoole\Server->__construct('0.0.0.0', 9501, 2, 1)
#1 /var/www/code/vendor/easyswoole/easyswoole/src/Core.php(113): EasySwoole\EasySwoole\ServerManager->createSwooleServer(9501, 2, '0.0.0.0', Array, 2, 1)
#2 /var/www/code/vendor/easyswoole/easyswoole/src/Command/DefaultCommand/Start.php(42): EasySwoole\EasySwoole\Core->createServer()
#3 /var/www/code/vendor/easyswoole/easyswoole/src/Command/CommandContainer.php(46): EasySwoole\EasySwoole\Command\DefaultCommand\Start->exec(Array)
#4 /var/www/code/vendor/easyswoole/easyswoole/src/Command/CommandRunner.php(50): EasySwoole\EasySwoole\Command\CommandContainer->hook('start', Array)
#5 /var/www/code/easyswoole(24): EasySwoole\EasySwoole\Command\CommandRunner->run(Array)
#6 {main}
  thrown at file:/var/www/code/vendor/easyswoole/easyswoole/src/ServerManager.php line:57]
[2019-09-12 16:52:39][DEBUG][ERROR] : [Class 'EasySwoole\Mysqli\Mysqli' not found at file:/var/www/code/App/HttpController/Index.php line:14]
[2019-09-12 16:52:40][DEBUG][ERROR] : [Class 'EasySwoole\Mysqli\Mysqli' not found at file:/var/www/code/App/HttpController/Index.php line:14]
[2019-09-12 16:52:40][DEBUG][ERROR] : [Class 'EasySwoole\Mysqli\Mysqli' not found at file:/var/www/code/App/HttpController/Index.php line:14]
[2019-09-12 16:52:41][DEBUG][ERROR] : [Class 'EasySwoole\Mysqli\Mysqli' not found at file:/var/www/code/App/HttpController/Index.php line:14]
[2019-09-12 16:53:06][DEBUG][ERROR] : [Class 'EasySwoole\Mysqli\Mysqli' not found at file:/var/www/code/App/HttpController/Index.php line:14]
[2019-09-12 16:53:26][DEBUG][ERROR] : [Class name must be a valid object or a string at file:/var/www/code/App/HttpController/Index.php line:13]
[2019-09-12 16:53:55][DEBUG][ERROR] : [Class name must be a valid object or a string at file:/var/www/code/App/HttpController/Index.php line:13]
[2019-09-12 16:53:59][DEBUG][ERROR] : [Class name must be a valid object or a string at file:/var/www/code/App/HttpController/Index.php line:13]
[2019-09-12 16:55:05][DEBUG][ERROR] : [Class name must be a valid object or a string at file:/var/www/code/App/HttpController/Index.php line:13]
[2019-09-12 17:39:49][DEBUG][ERROR] : [Class 'App\HttpController\RedisPool' not found at file:/var/www/code/App/HttpController/Index.php line:13]
[2019-09-12 17:40:49][DEBUG][WARNING] : [Swoole\Coroutine\Redis::connect(): The host is empty at file:/var/www/code/App/Utility/Pool/RedisPool.php line:18]
[2019-09-12 17:40:50][DEBUG][WARNING] : [Swoole\Coroutine\Redis::connect(): The host is empty at file:/var/www/code/App/Utility/Pool/RedisPool.php line:18]
[2019-09-12 17:40:50][DEBUG][WARNING] : [Swoole\Coroutine\Redis::connect(): The host is empty at file:/var/www/code/App/Utility/Pool/RedisPool.php line:18]
[2019-09-12 17:40:52][DEBUG][ERROR] : [App\Utility\Pool\RedisPool pool is empty at file:/var/www/code/vendor/easyswoole/component/src/Pool/TraitInvoker.php line:58]
[2019-09-12 17:40:53][DEBUG][ERROR] : [App\Utility\Pool\RedisPool pool is empty at file:/var/www/code/vendor/easyswoole/component/src/Pool/TraitInvoker.php line:58]
[2019-09-12 17:40:53][DEBUG][ERROR] : [App\Utility\Pool\RedisPool pool is empty at file:/var/www/code/vendor/easyswoole/component/src/Pool/TraitInvoker.php line:58]
[2019-09-12 17:41:19][DEBUG][WARNING] : [Swoole\Coroutine\Redis::connect(): The host is empty at file:/var/www/code/App/Utility/Pool/RedisPool.php line:18]
[2019-09-12 17:41:19][DEBUG][WARNING] : [Swoole\Coroutine\Redis::connect(): The host is empty at file:/var/www/code/App/Utility/Pool/RedisPool.php line:18]
[2019-09-12 17:41:19][DEBUG][WARNING] : [Swoole\Coroutine\Redis::connect(): The host is empty at file:/var/www/code/App/Utility/Pool/RedisPool.php line:18]
[2019-09-12 17:41:19][DEBUG][WARNING] : [Swoole\Coroutine\Redis::connect(): The host is empty at file:/var/www/code/App/Utility/Pool/RedisPool.php line:18]
[2019-09-12 17:41:19][DEBUG][WARNING] : [Swoole\Coroutine\Redis::connect(): The host is empty at file:/var/www/code/App/Utility/Pool/RedisPool.php line:18]
[2019-09-12 17:41:20][DEBUG][WARNING] : [Swoole\Coroutine\Redis::connect(): The host is empty at file:/var/www/code/App/Utility/Pool/RedisPool.php line:18]
[2019-09-12 17:41:20][DEBUG][WARNING] : [Swoole\Coroutine\Redis::connect(): The host is empty at file:/var/www/code/App/Utility/Pool/RedisPool.php line:18]
[2019-09-12 17:41:20][DEBUG][WARNING] : [Swoole\Coroutine\Redis::connect(): The host is empty at file:/var/www/code/App/Utility/Pool/RedisPool.php line:18]
[2019-09-12 17:41:20][DEBUG][WARNING] : [Swoole\Coroutine\Redis::connect(): The host is empty at file:/var/www/code/App/Utility/Pool/RedisPool.php line:18]
[2019-09-12 17:41:20][DEBUG][WARNING] : [Swoole\Coroutine\Redis::connect(): The host is empty at file:/var/www/code/App/Utility/Pool/RedisPool.php line:18]
[2019-09-12 17:41:49][DEBUG][WARNING] : [Swoole\Coroutine\Redis::connect(): The host is empty at file:/var/www/code/App/Utility/Pool/RedisPool.php line:18]
[2019-09-12 17:41:49][DEBUG][WARNING] : [Swoole\Coroutine\Redis::connect(): The host is empty at file:/var/www/code/App/Utility/Pool/RedisPool.php line:18]
[2019-09-12 17:41:49][DEBUG][WARNING] : [Swoole\Coroutine\Redis::connect(): The host is empty at file:/var/www/code/App/Utility/Pool/RedisPool.php line:18]
[2019-09-12 17:41:49][DEBUG][WARNING] : [Swoole\Coroutine\Redis::connect(): The host is empty at file:/var/www/code/App/Utility/Pool/RedisPool.php line:18]
[2019-09-12 17:41:49][DEBUG][WARNING] : [Swoole\Coroutine\Redis::connect(): The host is empty at file:/var/www/code/App/Utility/Pool/RedisPool.php line:18]
[2019-09-12 17:41:50][DEBUG][WARNING] : [Swoole\Coroutine\Redis::connect(): The host is empty at file:/var/www/code/App/Utility/Pool/RedisPool.php line:18]
[2019-09-12 17:41:50][DEBUG][WARNING] : [Swoole\Coroutine\Redis::connect(): The host is empty at file:/var/www/code/App/Utility/Pool/RedisPool.php line:18]
[2019-09-12 17:41:50][DEBUG][WARNING] : [Swoole\Coroutine\Redis::connect(): The host is empty at file:/var/www/code/App/Utility/Pool/RedisPool.php line:18]
[2019-09-12 17:41:50][DEBUG][WARNING] : [Swoole\Coroutine\Redis::connect(): The host is empty at file:/var/www/code/App/Utility/Pool/RedisPool.php line:18]
[2019-09-12 17:41:50][DEBUG][WARNING] : [Swoole\Coroutine\Redis::connect(): The host is empty at file:/var/www/code/App/Utility/Pool/RedisPool.php line:18]
[2019-09-12 17:42:19][DEBUG][WARNING] : [Swoole\Coroutine\Redis::connect(): The host is empty at file:/var/www/code/App/Utility/Pool/RedisPool.php line:18]
[2019-09-12 17:42:19][DEBUG][WARNING] : [Swoole\Coroutine\Redis::connect(): The host is empty at file:/var/www/code/App/Utility/Pool/RedisPool.php line:18]
[2019-09-12 17:42:19][DEBUG][WARNING] : [Swoole\Coroutine\Redis::connect(): The host is empty at file:/var/www/code/App/Utility/Pool/RedisPool.php line:18]
[2019-09-12 17:42:19][DEBUG][WARNING] : [Swoole\Coroutine\Redis::connect(): The host is empty at file:/var/www/code/App/Utility/Pool/RedisPool.php line:18]
[2019-09-12 17:42:19][DEBUG][WARNING] : [Swoole\Coroutine\Redis::connect(): The host is empty at file:/var/www/code/App/Utility/Pool/RedisPool.php line:18]
[2019-09-12 17:42:20][DEBUG][WARNING] : [Swoole\Coroutine\Redis::connect(): The host is empty at file:/var/www/code/App/Utility/Pool/RedisPool.php line:18]
[2019-09-12 17:42:20][DEBUG][WARNING] : [Swoole\Coroutine\Redis::connect(): The host is empty at file:/var/www/code/App/Utility/Pool/RedisPool.php line:18]
[2019-09-12 17:42:20][DEBUG][WARNING] : [Swoole\Coroutine\Redis::connect(): The host is empty at file:/var/www/code/App/Utility/Pool/RedisPool.php line:18]
[2019-09-12 17:42:20][DEBUG][WARNING] : [Swoole\Coroutine\Redis::connect(): The host is empty at file:/var/www/code/App/Utility/Pool/RedisPool.php line:18]
[2019-09-12 17:42:20][DEBUG][WARNING] : [Swoole\Coroutine\Redis::connect(): The host is empty at file:/var/www/code/App/Utility/Pool/RedisPool.php line:18]
[2019-09-12 17:42:51][DEBUG][ERROR] : [App\Utility\Pool\RedisPool pool is empty at file:/var/www/code/vendor/easyswoole/component/src/Pool/TraitInvoker.php line:58]
[2019-09-12 17:49:32][DEBUG][ERROR] : [Class 'EasySwoole\Mysqli\Mysqli' not found at file:/var/www/code/App/Utility/Pool/MysqlObject.php line:11]
